# JRE version: OpenJDK Runtime Environment (8.0_212-b04) (build 1.8.0_212-release-1586-b04)
# Java VM: OpenJDK 64-Bit Server VM (25.212-b04 mixed mode windows-amd64 compressed oops)
Heap:
 PSYoungGen      total 137216K, used 79497K [0x00000000e0000000, 0x00000000eaf00000, 0x0000000100000000)
  eden space 113152K, 49% used [0x00000000e0000000,0x00000000e3627ec8,0x00000000e6e80000)
  from space 24064K, 99% used [0x00000000e8b00000,0x00000000ea27a900,0x00000000ea280000)
  to   space 29184K, 0% used [0x00000000e6e80000,0x00000000e6e80000,0x00000000e8b00000)
 ParOldGen       total 152064K, used 47222K [0x00000000a0000000, 0x00000000a9480000, 0x00000000e0000000)
  object space 152064K, 31% used [0x00000000a0000000,0x00000000a2e1da68,0x00000000a9480000)
 Metaspace       used 80196K, capacity 83678K, committed 83880K, reserved 1122304K
  class space    used 10435K, capacity 11176K, committed 11176K, reserved 1048576K
GC Heap History (10 events):
Event: 441.753 GC heap before
{Heap before GC invocations=19 (full 3):
 PSYoungGen      total 92672K, used 75776K [0x00000000e0000000, 0x00000000e7a80000, 0x0000000100000000)
  eden space 75776K, 100% used [0x00000000e0000000,0x00000000e4a00000,0x00000000e4a00000)
  from space 16896K, 0% used [0x00000000e4a00000,0x00000000e4a00000,0x00000000e5a80000)
  to   space 16896K, 0% used [0x00000000e6a00000,0x00000000e6a00000,0x00000000e7a80000)
 ParOldGen       total 152064K, used 36593K [0x00000000a0000000, 0x00000000a9480000, 0x00000000e0000000)
  object space 152064K, 24% used [0x00000000a0000000,0x00000000a23bc450,0x00000000a9480000)
 Metaspace       used 61539K, capacity 63590K, committed 63784K, reserved 1103872K
  class space    used 8250K, capacity 8717K, committed 8744K, reserved 1048576K
Event: 441.759 GC heap after
Heap after GC invocations=19 (full 3):
 PSYoungGen      total 109056K, used 6323K [0x00000000e0000000, 0x00000000e7c00000, 0x0000000100000000)
  eden space 92160K, 0% used [0x00000000e0000000,0x00000000e0000000,0x00000000e5a00000)
  from space 16896K, 37% used [0x00000000e6a00000,0x00000000e702ce10,0x00000000e7a80000)
  to   space 16384K, 0% used [0x00000000e5a00000,0x00000000e5a00000,0x00000000e6a00000)
 ParOldGen       total 152064K, used 36665K [0x00000000a0000000, 0x00000000a9480000, 0x00000000e0000000)
  object space 152064K, 24% used [0x00000000a0000000,0x00000000a23ce460,0x00000000a9480000)
 Metaspace       used 61539K, capacity 63590K, committed 63784K, reserved 1103872K
  class space    used 8250K, capacity 8717K, committed 8744K, reserved 1048576K
}
Event: 442.649 GC heap before
{Heap before GC invocations=20 (full 3):
 PSYoungGen      total 109056K, used 98483K [0x00000000e0000000, 0x00000000e7c00000, 0x0000000100000000)
  eden space 92160K, 100% used [0x00000000e0000000,0x00000000e5a00000,0x00000000e5a00000)
  from space 16896K, 37% used [0x00000000e6a00000,0x00000000e702ce10,0x00000000e7a80000)
  to   space 16384K, 0% used [0x00000000e5a00000,0x00000000e5a00000,0x00000000e6a00000)
 ParOldGen       total 152064K, used 36665K [0x00000000a0000000, 0x00000000a9480000, 0x00000000e0000000)
  object space 152064K, 24% used [0x00000000a0000000,0x00000000a23ce460,0x00000000a9480000)
 Metaspace       used 65466K, capacity 67612K, committed 67752K, reserved 1107968K
  class space    used 8802K, capacity 9310K, committed 9384K, reserved 1048576K
Event: 442.657 GC heap after
Heap after GC invocations=20 (full 3):
 PSYoungGen      total 108544K, used 12231K [0x00000000e0000000, 0x00000000e8980000, 0x0000000100000000)
  eden space 92160K, 0% used [0x00000000e0000000,0x00000000e0000000,0x00000000e5a00000)
  from space 16384K, 74% used [0x00000000e5a00000,0x00000000e65f1c38,0x00000000e6a00000)
  to   space 16896K, 0% used [0x00000000e7900000,0x00000000e7900000,0x00000000e8980000)
 ParOldGen       total 152064K, used 36673K [0x00000000a0000000, 0x00000000a9480000, 0x00000000e0000000)
  object space 152064K, 24% used [0x00000000a0000000,0x00000000a23d0460,0x00000000a9480000)
 Metaspace       used 65466K, capacity 67612K, committed 67752K, reserved 1107968K
  class space    used 8802K, capacity 9310K, committed 9384K, reserved 1048576K
}
Event: 444.631 GC heap before
{Heap before GC invocations=21 (full 3):
 PSYoungGen      total 108544K, used 104391K [0x00000000e0000000, 0x00000000e8980000, 0x0000000100000000)
  eden space 92160K, 100% used [0x00000000e0000000,0x00000000e5a00000,0x00000000e5a00000)
  from space 16384K, 74% used [0x00000000e5a00000,0x00000000e65f1c38,0x00000000e6a00000)
  to   space 16896K, 0% used [0x00000000e7900000,0x00000000e7900000,0x00000000e8980000)
 ParOldGen       total 152064K, used 36673K [0x00000000a0000000, 0x00000000a9480000, 0x00000000e0000000)
  object space 152064K, 24% used [0x00000000a0000000,0x00000000a23d0460,0x00000000a9480000)
 Metaspace       used 69218K, capacity 71838K, committed 72104K, reserved 1112064K
  class space    used 9286K, capacity 9827K, committed 9896K, reserved 1048576K
Event: 444.642 GC heap after
Heap after GC invocations=21 (full 3):
 PSYoungGen      total 121856K, used 16121K [0x00000000e0000000, 0x00000000e8d00000, 0x0000000100000000)
  eden space 104960K, 0% used [0x00000000e0000000,0x00000000e0000000,0x00000000e6680000)
  from space 16896K, 95% used [0x00000000e7900000,0x00000000e88be658,0x00000000e8980000)
  to   space 18944K, 0% used [0x00000000e6680000,0x00000000e6680000,0x00000000e7900000)
 ParOldGen       total 152064K, used 36681K [0x00000000a0000000, 0x00000000a9480000, 0x00000000e0000000)
  object space 152064K, 24% used [0x00000000a0000000,0x00000000a23d2460,0x00000000a9480000)
 Metaspace       used 69218K, capacity 71838K, committed 72104K, reserved 1112064K
  class space    used 9286K, capacity 9827K, committed 9896K, reserved 1048576K
}
Event: 549.226 GC heap before
{Heap before GC invocations=22 (full 3):
 PSYoungGen      total 121856K, used 121081K [0x00000000e0000000, 0x00000000e8d00000, 0x0000000100000000)
  eden space 104960K, 100% used [0x00000000e0000000,0x00000000e6680000,0x00000000e6680000)
  from space 16896K, 95% used [0x00000000e7900000,0x00000000e88be658,0x00000000e8980000)
  to   space 18944K, 0% used [0x00000000e6680000,0x00000000e6680000,0x00000000e7900000)
 ParOldGen       total 152064K, used 36681K [0x00000000a0000000, 0x00000000a9480000, 0x00000000e0000000)
  object space 152064K, 24% used [0x00000000a0000000,0x00000000a23d2460,0x00000000a9480000)
 Metaspace       used 77018K, capacity 80308K, committed 80424K, reserved 1118208K
  class space    used 10096K, capacity 10787K, committed 10792K, reserved 1048576K
Event: 549.249 GC heap after
Heap after GC invocations=22 (full 3):
 PSYoungGen      total 123904K, used 18913K [0x00000000e0000000, 0x00000000ea280000, 0x0000000100000000)
  eden space 104960K, 0% used [0x00000000e0000000,0x00000000e0000000,0x00000000e6680000)
  from space 18944K, 99% used [0x00000000e6680000,0x00000000e78f84e0,0x00000000e7900000)
  to   space 24064K, 0% used [0x00000000e8b00000,0x00000000e8b00000,0x00000000ea280000)
 ParOldGen       total 152064K, used 43775K [0x00000000a0000000, 0x00000000a9480000, 0x00000000e0000000)
  object space 152064K, 28% used [0x00000000a0000000,0x00000000a2abfe78,0x00000000a9480000)
 Metaspace       used 77018K, capacity 80308K, committed 80424K, reserved 1118208K
  class space    used 10096K, capacity 10787K, committed 10792K, reserved 1048576K
}
Event: 552.786 GC heap before
{Heap before GC invocations=23 (full 3):
 PSYoungGen      total 123904K, used 123873K [0x00000000e0000000, 0x00000000ea280000, 0x0000000100000000)
  eden space 104960K, 100% used [0x00000000e0000000,0x00000000e6680000,0x00000000e6680000)
  from space 18944K, 99% used [0x00000000e6680000,0x00000000e78f84e0,0x00000000e7900000)
  to   space 24064K, 0% used [0x00000000e8b00000,0x00000000e8b00000,0x00000000ea280000)
 ParOldGen       total 152064K, used 43775K [0x00000000a0000000, 0x00000000a9480000, 0x00000000e0000000)
  object space 152064K, 28% used [0x00000000a0000000,0x00000000a2abfe78,0x00000000a9480000)
 Metaspace       used 79696K, capacity 83178K, committed 83368K, reserved 1122304K
  class space    used 10409K, capacity 11142K, committed 11176K, reserved 1048576K
Event: 552.834 GC heap after
Heap after GC invocations=23 (full 3):
 PSYoungGen      total 137216K, used 24042K [0x00000000e0000000, 0x00000000eaf00000, 0x0000000100000000)
  eden space 113152K, 0% used [0x00000000e0000000,0x00000000e0000000,0x00000000e6e80000)
  from space 24064K, 99% used [0x00000000e8b00000,0x00000000ea27a900,0x00000000ea280000)
  to   space 29184K, 0% used [0x00000000e6e80000,0x00000000e6e80000,0x00000000e8b00000)
 ParOldGen       total 152064K, used 47222K [0x00000000a0000000, 0x00000000a9480000, 0x00000000e0000000)
  object space 152064K, 31% used [0x00000000a0000000,0x00000000a2e1da68,0x00000000a9480000)
 Metaspace       used 79696K, capacity 83178K, committed 83368K, reserved 1122304K
  class space    used 10409K, capacity 11142K, committed 11176K, reserved 1048576K
}

